# JRE version: OpenJDK Runtime Environment Temurin-17.0.4.1+1 (17.0.4.1+1) (build 17.0.4.1+1)
# Java VM: OpenJDK 64-Bit Server VM Temurin-17.0.4.1+1 (17.0.4.1+1, mixed mode, emulated-client, tiered, compressed oops, compressed class ptrs, g1 gc, windows-amd64)
GC Precious Log:
 CPUs: 8 total, 8 available
 Memory: 8066M
 Large Page Support: Disabled
 NUMA Support: Disabled
 Compressed Oops: Enabled (32-bit)
 Heap Region Size: 1M
 Heap Min Capacity: 8M
 Heap Initial Capacity: 128M
 Heap Max Capacity: 2018M
 Pre-touch: Disabled
 Parallel Workers: 8
 Concurrent Workers: 2
 Concurrent Refinement Workers: 8
 Periodic GC: Disabled
Heap:
 garbage-first heap   total 512000K, used 139140K [0x0000000081e00000, 0x0000000100000000)
  region size 1024K, 29 young (29696K), 29 survivors (29696K)
 Metaspace       used 38842K, committed 39232K, reserved 1089536K
  class space    used 4908K, committed 5120K, reserved 1048576K
GC Heap History (20 events):
Event: 6.165 GC heap after
{Heap after GC invocations=15 (full 0):
 garbage-first heap   total 86016K, used 49307K [0x0000000081e00000, 0x0000000100000000)
  region size 1024K, 3 young (3072K), 3 survivors (3072K)
 Metaspace       used 37538K, committed 37824K, reserved 1089536K
  class space    used 4741K, committed 4864K, reserved 1048576K
}
Event: 6.220 GC heap before
{Heap before GC invocations=16 (full 0):
 garbage-first heap   total 99328K, used 65691K [0x0000000081e00000, 0x0000000100000000)
  region size 1024K, 19 young (19456K), 3 survivors (3072K)
 Metaspace       used 37743K, committed 38144K, reserved 1089536K
  class space    used 4764K, committed 4928K, reserved 1048576K
}
Event: 6.224 GC heap after
{Heap after GC invocations=17 (full 0):
 garbage-first heap   total 99328K, used 55570K [0x0000000081e00000, 0x0000000100000000)
  region size 1024K, 3 young (3072K), 3 survivors (3072K)
 Metaspace       used 37743K, committed 38144K, reserved 1089536K
  class space    used 4764K, committed 4928K, reserved 1048576K
}
Event: 6.243 GC heap before
{Heap before GC invocations=17 (full 0):
 garbage-first heap   total 99328K, used 65810K [0x0000000081e00000, 0x0000000100000000)
  region size 1024K, 15 young (15360K), 3 survivors (3072K)
 Metaspace       used 38134K, committed 38528K, reserved 1089536K
  class space    used 4802K, committed 4992K, reserved 1048576K
}
Event: 6.248 GC heap after
{Heap after GC invocations=18 (full 0):
 garbage-first heap   total 226304K, used 61361K [0x0000000081e00000, 0x0000000100000000)
  region size 1024K, 3 young (3072K), 3 survivors (3072K)
 Metaspace       used 38134K, committed 38528K, reserved 1089536K
  class space    used 4802K, committed 4992K, reserved 1048576K
}
Event: 6.306 GC heap before
{Heap before GC invocations=18 (full 0):
 garbage-first heap   total 226304K, used 133041K [0x0000000081e00000, 0x0000000100000000)
  region size 1024K, 73 young (74752K), 3 survivors (3072K)
 Metaspace       used 38292K, committed 38656K, reserved 1089536K
  class space    used 4823K, committed 4992K, reserved 1048576K
}
Event: 6.319 GC heap after
{Heap after GC invocations=19 (full 0):
 garbage-first heap   total 226304K, used 69553K [0x0000000081e00000, 0x0000000100000000)
  region size 1024K, 10 young (10240K), 10 survivors (10240K)
 Metaspace       used 38292K, committed 38656K, reserved 1089536K
  class space    used 4823K, committed 4992K, reserved 1048576K
}
Event: 6.394 GC heap before
{Heap before GC invocations=19 (full 0):
 garbage-first heap   total 226304K, used 141233K [0x0000000081e00000, 0x0000000100000000)
  region size 1024K, 81 young (82944K), 10 survivors (10240K)
 Metaspace       used 38326K, committed 38720K, reserved 1089536K
  class space    used 4833K, committed 4992K, reserved 1048576K
}
Event: 6.409 GC heap after
{Heap after GC invocations=20 (full 0):
 garbage-first heap   total 226304K, used 73295K [0x0000000081e00000, 0x0000000100000000)
  region size 1024K, 4 young (4096K), 4 survivors (4096K)
 Metaspace       used 38326K, committed 38720K, reserved 1089536K
  class space    used 4833K, committed 4992K, reserved 1048576K
}
Event: 6.441 GC heap before
{Heap before GC invocations=20 (full 0):
 garbage-first heap   total 226304K, used 156239K [0x0000000081e00000, 0x0000000100000000)
  region size 1024K, 86 young (88064K), 4 survivors (4096K)
 Metaspace       used 38457K, committed 38848K, reserved 1089536K
  class space    used 4845K, committed 4992K, reserved 1048576K
}
Event: 6.444 GC heap after
{Heap after GC invocations=21 (full 0):
 garbage-first heap   total 226304K, used 75998K [0x0000000081e00000, 0x0000000100000000)
  region size 1024K, 7 young (7168K), 7 survivors (7168K)
 Metaspace       used 38457K, committed 38848K, reserved 1089536K
  class space    used 4845K, committed 4992K, reserved 1048576K
}
Event: 6.460 GC heap before
{Heap before GC invocations=21 (full 0):
 garbage-first heap   total 226304K, used 165086K [0x0000000081e00000, 0x0000000100000000)
  region size 1024K, 95 young (97280K), 7 survivors (7168K)
 Metaspace       used 38469K, committed 38848K, reserved 1089536K
  class space    used 4846K, committed 4992K, reserved 1048576K
}
Event: 6.466 GC heap after
{Heap after GC invocations=22 (full 0):
 garbage-first heap   total 512000K, used 79323K [0x0000000081e00000, 0x0000000100000000)
  region size 1024K, 7 young (7168K), 7 survivors (7168K)
 Metaspace       used 38469K, committed 38848K, reserved 1089536K
  class space    used 4846K, committed 4992K, reserved 1048576K
}
Event: 6.588 GC heap before
{Heap before GC invocations=22 (full 0):
 garbage-first heap   total 512000K, used 379355K [0x0000000081e00000, 0x0000000100000000)
  region size 1024K, 300 young (307200K), 7 survivors (7168K)
 Metaspace       used 38617K, committed 39040K, reserved 1089536K
  class space    used 4868K, committed 5056K, reserved 1048576K
}
Event: 6.595 GC heap after
{Heap after GC invocations=23 (full 0):
 garbage-first heap   total 512000K, used 94129K [0x0000000081e00000, 0x0000000100000000)
  region size 1024K, 21 young (21504K), 21 survivors (21504K)
 Metaspace       used 38617K, committed 39040K, reserved 1089536K
  class space    used 4868K, committed 5056K, reserved 1048576K
}
Event: 6.692 GC heap before
{Heap before GC invocations=23 (full 0):
 garbage-first heap   total 512000K, used 378801K [0x0000000081e00000, 0x0000000100000000)
  region size 1024K, 300 young (307200K), 21 survivors (21504K)
 Metaspace       used 38681K, committed 39040K, reserved 1089536K
  class space    used 4880K, committed 5056K, reserved 1048576K
}
Event: 6.702 GC heap after
{Heap after GC invocations=24 (full 0):
 garbage-first heap   total 512000K, used 108768K [0x0000000081e00000, 0x0000000100000000)
  region size 1024K, 32 young (32768K), 32 survivors (32768K)
 Metaspace       used 38681K, committed 39040K, reserved 1089536K
  class space    used 4880K, committed 5056K, reserved 1048576K
}
Event: 6.798 GC heap before
{Heap before GC invocations=24 (full 0):
 garbage-first heap   total 512000K, used 382176K [0x0000000081e00000, 0x0000000100000000)
  region size 1024K, 300 young (307200K), 32 survivors (32768K)
 Metaspace       used 38745K, committed 39104K, reserved 1089536K
  class space    used 4896K, committed 5056K, reserved 1048576K
}
Event: 6.823 GC heap after
{Heap after GC invocations=25 (full 0):
 garbage-first heap   total 512000K, used 119526K [0x0000000081e00000, 0x0000000100000000)
  region size 1024K, 26 young (26624K), 26 survivors (26624K)
 Metaspace       used 38745K, committed 39104K, reserved 1089536K
  class space    used 4896K, committed 5056K, reserved 1048576K
}
Event: 6.876 GC heap before
{Heap before GC invocations=25 (full 0):
 garbage-first heap   total 512000K, used 399078K [0x0000000081e00000, 0x0000000100000000)
  region size 1024K, 300 young (307200K), 26 survivors (26624K)
 Metaspace       used 38842K, committed 39232K, reserved 1089536K
  class space    used 4908K, committed 5120K, reserved 1048576K
}

