# JRE version: OpenJDK Runtime Environment Temurin-17.0.4.1+1 (17.0.4.1+1) (build 17.0.4.1+1)
# Java VM: OpenJDK 64-Bit Server VM Temurin-17.0.4.1+1 (17.0.4.1+1, mixed mode, emulated-client, tiered, compressed oops, compressed class ptrs, g1 gc, windows-amd64)
GC Precious Log:
 CPUs: 8 total, 8 available
 Memory: 8066M
 Large Page Support: Disabled
 NUMA Support: Disabled
 Compressed Oops: Enabled (32-bit)
 Heap Region Size: 1M
 Heap Min Capacity: 8M
 Heap Initial Capacity: 128M
 Heap Max Capacity: 2018M
 Pre-touch: Disabled
 Parallel Workers: 8
 Concurrent Workers: 2
 Concurrent Refinement Workers: 8
 Periodic GC: Disabled
Heap:
 garbage-first heap   total 427008K, used 119018K [0x0000000081e00000, 0x0000000100000000)
  region size 1024K, 19 young (19456K), 19 survivors (19456K)
 Metaspace       used 38808K, committed 39168K, reserved 1089536K
  class space    used 4905K, committed 5056K, reserved 1048576K
GC Heap History (20 events):
Event: 5.476 GC heap after
{Heap after GC invocations=13 (full 0):
 garbage-first heap   total 59392K, used 31489K [0x0000000081e00000, 0x0000000100000000)
  region size 1024K, 1 young (1024K), 1 survivors (1024K)
 Metaspace       used 35948K, committed 36288K, reserved 1081344K
  class space    used 4626K, committed 4800K, reserved 1048576K
}
Event: 5.506 GC heap before
{Heap before GC invocations=14 (full 0):
 garbage-first heap   total 70656K, used 44801K [0x0000000081e00000, 0x0000000100000000)
  region size 1024K, 14 young (14336K), 1 survivors (1024K)
 Metaspace       used 36175K, committed 36544K, reserved 1081344K
  class space    used 4641K, committed 4800K, reserved 1048576K
}
Event: 5.508 GC heap after
{Heap after GC invocations=15 (full 0):
 garbage-first heap   total 70656K, used 33484K [0x0000000081e00000, 0x0000000100000000)
  region size 1024K, 2 young (2048K), 2 survivors (2048K)
 Metaspace       used 36175K, committed 36544K, reserved 1081344K
  class space    used 4641K, committed 4800K, reserved 1048576K
}
Event: 5.581 GC heap before
{Heap before GC invocations=15 (full 0):
 garbage-first heap   total 70656K, used 52940K [0x0000000081e00000, 0x0000000100000000)
  region size 1024K, 22 young (22528K), 2 survivors (2048K)
 Metaspace       used 36584K, committed 36928K, reserved 1081344K
  class space    used 4692K, committed 4864K, reserved 1048576K
}
Event: 5.589 GC heap after
{Heap after GC invocations=16 (full 0):
 garbage-first heap   total 209920K, used 37540K [0x0000000081e00000, 0x0000000100000000)
  region size 1024K, 3 young (3072K), 3 survivors (3072K)
 Metaspace       used 36584K, committed 36928K, reserved 1081344K
  class space    used 4692K, committed 4864K, reserved 1048576K
}
Event: 5.815 GC heap before
{Heap before GC invocations=16 (full 0):
 garbage-first heap   total 209920K, used 145060K [0x0000000081e00000, 0x0000000100000000)
  region size 1024K, 107 young (109568K), 3 survivors (3072K)
 Metaspace       used 38499K, committed 38912K, reserved 1089536K
  class space    used 4852K, committed 5056K, reserved 1048576K
}
Event: 5.841 GC heap after
{Heap after GC invocations=17 (full 0):
 garbage-first heap   total 209920K, used 66858K [0x0000000081e00000, 0x0000000100000000)
  region size 1024K, 14 young (14336K), 14 survivors (14336K)
 Metaspace       used 38499K, committed 38912K, reserved 1089536K
  class space    used 4852K, committed 5056K, reserved 1048576K
}
Event: 5.862 GC heap before
{Heap before GC invocations=17 (full 0):
 garbage-first heap   total 209920K, used 126250K [0x0000000081e00000, 0x0000000100000000)
  region size 1024K, 73 young (74752K), 14 survivors (14336K)
 Metaspace       used 38510K, committed 38912K, reserved 1089536K
  class space    used 4854K, committed 5056K, reserved 1048576K
}
Event: 5.869 GC heap after
{Heap after GC invocations=18 (full 0):
 garbage-first heap   total 209920K, used 72093K [0x0000000081e00000, 0x0000000100000000)
  region size 1024K, 4 young (4096K), 4 survivors (4096K)
 Metaspace       used 38510K, committed 38912K, reserved 1089536K
  class space    used 4854K, committed 5056K, reserved 1048576K
}
Event: 5.889 GC heap before
{Heap before GC invocations=18 (full 0):
 garbage-first heap   total 209920K, used 138653K [0x0000000081e00000, 0x0000000100000000)
  region size 1024K, 70 young (71680K), 4 survivors (4096K)
 Metaspace       used 38523K, committed 38912K, reserved 1089536K
  class space    used 4856K, committed 5056K, reserved 1048576K
}
Event: 5.891 GC heap after
{Heap after GC invocations=19 (full 0):
 garbage-first heap   total 209920K, used 73888K [0x0000000081e00000, 0x0000000100000000)
  region size 1024K, 6 young (6144K), 6 survivors (6144K)
 Metaspace       used 38523K, committed 38912K, reserved 1089536K
  class space    used 4856K, committed 5056K, reserved 1048576K
}
Event: 5.908 GC heap before
{Heap before GC invocations=19 (full 0):
 garbage-first heap   total 209920K, used 150688K [0x0000000081e00000, 0x0000000100000000)
  region size 1024K, 81 young (82944K), 6 survivors (6144K)
 Metaspace       used 38619K, committed 39040K, reserved 1089536K
  class space    used 4869K, committed 5056K, reserved 1048576K
}
Event: 5.912 GC heap after
{Heap after GC invocations=20 (full 0):
 garbage-first heap   total 427008K, used 78409K [0x0000000081e00000, 0x0000000100000000)
  region size 1024K, 9 young (9216K), 9 survivors (9216K)
 Metaspace       used 38619K, committed 39040K, reserved 1089536K
  class space    used 4869K, committed 5056K, reserved 1048576K
}
Event: 6.000 GC heap before
{Heap before GC invocations=20 (full 0):
 garbage-first heap   total 427008K, used 292425K [0x0000000081e00000, 0x0000000100000000)
  region size 1024K, 219 young (224256K), 9 survivors (9216K)
 Metaspace       used 38697K, committed 39104K, reserved 1089536K
  class space    used 4884K, committed 5056K, reserved 1048576K
}
Event: 6.008 GC heap after
{Heap after GC invocations=21 (full 0):
 garbage-first heap   total 427008K, used 90434K [0x0000000081e00000, 0x0000000100000000)
  region size 1024K, 21 young (21504K), 21 survivors (21504K)
 Metaspace       used 38697K, committed 39104K, reserved 1089536K
  class space    used 4884K, committed 5056K, reserved 1048576K
}
Event: 6.053 GC heap before
{Heap before GC invocations=21 (full 0):
 garbage-first heap   total 427008K, used 311618K [0x0000000081e00000, 0x0000000100000000)
  region size 1024K, 238 young (243712K), 21 survivors (21504K)
 Metaspace       used 38736K, committed 39104K, reserved 1089536K
  class space    used 4895K, committed 5056K, reserved 1048576K
}
Event: 6.062 GC heap after
{Heap after GC invocations=22 (full 0):
 garbage-first heap   total 427008K, used 99894K [0x0000000081e00000, 0x0000000100000000)
  region size 1024K, 25 young (25600K), 25 survivors (25600K)
 Metaspace       used 38736K, committed 39104K, reserved 1089536K
  class space    used 4895K, committed 5056K, reserved 1048576K
}
Event: 6.160 GC heap before
{Heap before GC invocations=22 (full 0):
 garbage-first heap   total 427008K, used 327222K [0x0000000081e00000, 0x0000000100000000)
  region size 1024K, 248 young (253952K), 25 survivors (25600K)
 Metaspace       used 38760K, committed 39104K, reserved 1089536K
  class space    used 4899K, committed 5056K, reserved 1048576K
}
Event: 6.172 GC heap after
{Heap after GC invocations=23 (full 0):
 garbage-first heap   total 427008K, used 110080K [0x0000000081e00000, 0x0000000100000000)
  region size 1024K, 20 young (20480K), 20 survivors (20480K)
 Metaspace       used 38760K, committed 39104K, reserved 1089536K
  class space    used 4899K, committed 5056K, reserved 1048576K
}
Event: 6.215 GC heap before
{Heap before GC invocations=23 (full 0):
 garbage-first heap   total 427008K, used 337408K [0x0000000081e00000, 0x0000000100000000)
  region size 1024K, 243 young (248832K), 20 survivors (20480K)
 Metaspace       used 38808K, committed 39168K, reserved 1089536K
  class space    used 4905K, committed 5056K, reserved 1048576K
}

