# JRE version: OpenJDK Runtime Environment Temurin-17.0.4.1+1 (17.0.4.1+1) (build 17.0.4.1+1)
# Java VM: OpenJDK 64-Bit Server VM Temurin-17.0.4.1+1 (17.0.4.1+1, mixed mode, emulated-client, tiered, compressed oops, compressed class ptrs, g1 gc, windows-amd64)
GC Precious Log:
 CPUs: 8 total, 8 available
 Memory: 8066M
 Large Page Support: Disabled
 NUMA Support: Disabled
 Compressed Oops: Enabled (32-bit)
 Heap Region Size: 1M
 Heap Min Capacity: 8M
 Heap Initial Capacity: 128M
 Heap Max Capacity: 2018M
 Pre-touch: Disabled
 Parallel Workers: 8
 Concurrent Workers: 2
 Concurrent Refinement Workers: 8
 Periodic GC: Disabled
Heap:
 garbage-first heap   total 292864K, used 84341K [0x0000000081e00000, 0x0000000100000000)
  region size 1024K, 17 young (17408K), 17 survivors (17408K)
 Metaspace       used 35289K, committed 35584K, reserved 1081344K
  class space    used 4569K, committed 4736K, reserved 1048576K
GC Heap History (20 events):
Event: 19.749 GC heap after
{Heap after GC invocations=11 (full 0):
 garbage-first heap   total 55296K, used 29954K [0x0000000081e00000, 0x0000000100000000)
  region size 1024K, 2 young (2048K), 2 survivors (2048K)
 Metaspace       used 35139K, committed 35520K, reserved 1081344K
  class space    used 4545K, committed 4736K, reserved 1048576K
}
Event: 19.812 GC heap before
{Heap before GC invocations=12 (full 0):
 garbage-first heap   total 61440K, used 41218K [0x0000000081e00000, 0x0000000100000000)
  region size 1024K, 13 young (13312K), 2 survivors (2048K)
 Metaspace       used 35139K, committed 35520K, reserved 1081344K
  class space    used 4545K, committed 4736K, reserved 1048576K
}
Event: 19.815 GC heap after
{Heap after GC invocations=13 (full 0):
 garbage-first heap   total 87040K, used 32195K [0x0000000081e00000, 0x0000000100000000)
  region size 1024K, 2 young (2048K), 2 survivors (2048K)
 Metaspace       used 35139K, committed 35520K, reserved 1081344K
  class space    used 4545K, committed 4736K, reserved 1048576K
}
Event: 19.862 GC heap before
{Heap before GC invocations=13 (full 0):
 garbage-first heap   total 87040K, used 61891K [0x0000000081e00000, 0x0000000100000000)
  region size 1024K, 31 young (31744K), 2 survivors (2048K)
 Metaspace       used 35139K, committed 35520K, reserved 1081344K
  class space    used 4545K, committed 4736K, reserved 1048576K
}
Event: 19.867 GC heap after
{Heap after GC invocations=14 (full 0):
 garbage-first heap   total 87040K, used 40482K [0x0000000081e00000, 0x0000000100000000)
  region size 1024K, 4 young (4096K), 4 survivors (4096K)
 Metaspace       used 35139K, committed 35520K, reserved 1081344K
  class space    used 4545K, committed 4736K, reserved 1048576K
}
Event: 19.902 GC heap before
{Heap before GC invocations=14 (full 0):
 garbage-first heap   total 87040K, used 61986K [0x0000000081e00000, 0x0000000100000000)
  region size 1024K, 25 young (25600K), 4 survivors (4096K)
 Metaspace       used 35139K, committed 35520K, reserved 1081344K
  class space    used 4545K, committed 4736K, reserved 1048576K
}
Event: 19.910 GC heap after
{Heap after GC invocations=15 (full 0):
 garbage-first heap   total 87040K, used 45038K [0x0000000081e00000, 0x0000000100000000)
  region size 1024K, 4 young (4096K), 4 survivors (4096K)
 Metaspace       used 35139K, committed 35520K, reserved 1081344K
  class space    used 4545K, committed 4736K, reserved 1048576K
}
Event: 20.318 GC heap before
{Heap before GC invocations=15 (full 0):
 garbage-first heap   total 87040K, used 59374K [0x0000000081e00000, 0x0000000100000000)
  region size 1024K, 19 young (19456K), 4 survivors (4096K)
 Metaspace       used 35139K, committed 35520K, reserved 1081344K
  class space    used 4545K, committed 4736K, reserved 1048576K
}
Event: 20.322 GC heap after
{Heap after GC invocations=16 (full 0):
 garbage-first heap   total 87040K, used 49038K [0x0000000081e00000, 0x0000000100000000)
  region size 1024K, 3 young (3072K), 3 survivors (3072K)
 Metaspace       used 35139K, committed 35520K, reserved 1081344K
  class space    used 4545K, committed 4736K, reserved 1048576K
}
Event: 20.373 GC heap before
{Heap before GC invocations=17 (full 0):
 garbage-first heap   total 102400K, used 67470K [0x0000000081e00000, 0x0000000100000000)
  region size 1024K, 19 young (19456K), 3 survivors (3072K)
 Metaspace       used 35139K, committed 35520K, reserved 1081344K
  class space    used 4545K, committed 4736K, reserved 1048576K
}
Event: 20.379 GC heap after
{Heap after GC invocations=18 (full 0):
 garbage-first heap   total 102400K, used 59605K [0x0000000081e00000, 0x0000000100000000)
  region size 1024K, 3 young (3072K), 3 survivors (3072K)
 Metaspace       used 35139K, committed 35520K, reserved 1081344K
  class space    used 4545K, committed 4736K, reserved 1048576K
}
Event: 20.383 GC heap before
{Heap before GC invocations=18 (full 0):
 garbage-first heap   total 102400K, used 61653K [0x0000000081e00000, 0x0000000100000000)
  region size 1024K, 5 young (5120K), 3 survivors (3072K)
 Metaspace       used 35139K, committed 35520K, reserved 1081344K
  class space    used 4545K, committed 4736K, reserved 1048576K
}
Event: 20.388 GC heap after
{Heap after GC invocations=19 (full 0):
 garbage-first heap   total 292864K, used 61245K [0x0000000081e00000, 0x0000000100000000)
  region size 1024K, 1 young (1024K), 1 survivors (1024K)
 Metaspace       used 35139K, committed 35520K, reserved 1081344K
  class space    used 4545K, committed 4736K, reserved 1048576K
}
Event: 20.614 GC heap before
{Heap before GC invocations=19 (full 0):
 garbage-first heap   total 292864K, used 165693K [0x0000000081e00000, 0x0000000100000000)
  region size 1024K, 104 young (106496K), 1 survivors (1024K)
 Metaspace       used 35289K, committed 35584K, reserved 1081344K
  class space    used 4569K, committed 4736K, reserved 1048576K
}
Event: 20.633 GC heap after
{Heap after GC invocations=20 (full 0):
 garbage-first heap   total 292864K, used 67993K [0x0000000081e00000, 0x0000000100000000)
  region size 1024K, 8 young (8192K), 8 survivors (8192K)
 Metaspace       used 35289K, committed 35584K, reserved 1081344K
  class space    used 4569K, committed 4736K, reserved 1048576K
}
Event: 20.862 GC heap before
{Heap before GC invocations=20 (full 0):
 garbage-first heap   total 292864K, used 185753K [0x0000000081e00000, 0x0000000100000000)
  region size 1024K, 124 young (126976K), 8 survivors (8192K)
 Metaspace       used 35289K, committed 35584K, reserved 1081344K
  class space    used 4569K, committed 4736K, reserved 1048576K
}
Event: 20.895 GC heap after
{Heap after GC invocations=21 (full 0):
 garbage-first heap   total 292864K, used 72509K [0x0000000081e00000, 0x0000000100000000)
  region size 1024K, 12 young (12288K), 12 survivors (12288K)
 Metaspace       used 35289K, committed 35584K, reserved 1081344K
  class space    used 4569K, committed 4736K, reserved 1048576K
}
Event: 21.234 GC heap before
{Heap before GC invocations=21 (full 0):
 garbage-first heap   total 292864K, used 217917K [0x0000000081e00000, 0x0000000100000000)
  region size 1024K, 155 young (158720K), 12 survivors (12288K)
 Metaspace       used 35289K, committed 35584K, reserved 1081344K
  class space    used 4569K, committed 4736K, reserved 1048576K
}
Event: 21.255 GC heap after
{Heap after GC invocations=22 (full 0):
 garbage-first heap   total 292864K, used 78969K [0x0000000081e00000, 0x0000000100000000)
  region size 1024K, 12 young (12288K), 12 survivors (12288K)
 Metaspace       used 35289K, committed 35584K, reserved 1081344K
  class space    used 4569K, committed 4736K, reserved 1048576K
}
Event: 21.530 GC heap before
{Heap before GC invocations=22 (full 0):
 garbage-first heap   total 292864K, used 225401K [0x0000000081e00000, 0x0000000100000000)
  region size 1024K, 156 young (159744K), 12 survivors (12288K)
 Metaspace       used 35289K, committed 35584K, reserved 1081344K
  class space    used 4569K, committed 4736K, reserved 1048576K
}

