# JRE version: OpenJDK Runtime Environment Temurin-17.0.4.1+1 (17.0.4.1+1) (build 17.0.4.1+1)
# Java VM: OpenJDK 64-Bit Server VM Temurin-17.0.4.1+1 (17.0.4.1+1, mixed mode, emulated-client, tiered, compressed oops, compressed class ptrs, g1 gc, windows-amd64)
GC Precious Log:
 CPUs: 8 total, 8 available
 Memory: 8066M
 Large Page Support: Disabled
 NUMA Support: Disabled
 Compressed Oops: Enabled (32-bit)
 Heap Region Size: 1M
 Heap Min Capacity: 8M
 Heap Initial Capacity: 128M
 Heap Max Capacity: 2018M
 Pre-touch: Disabled
 Parallel Workers: 8
 Concurrent Workers: 2
 Concurrent Refinement Workers: 8
 Periodic GC: Disabled
Heap:
 garbage-first heap   total 280576K, used 83781K [0x0000000081e00000, 0x0000000100000000)
  region size 1024K, 3 young (3072K), 3 survivors (3072K)
 Metaspace       used 36051K, committed 36416K, reserved 1081344K
  class space    used 4637K, committed 4800K, reserved 1048576K
GC Heap History (20 events):
Event: 5.560 GC heap after
{Heap after GC invocations=12 (full 0):
 garbage-first heap   total 58368K, used 30629K [0x0000000081e00000, 0x0000000100000000)
  region size 1024K, 3 young (3072K), 3 survivors (3072K)
 Metaspace       used 35294K, committed 35648K, reserved 1081344K
  class space    used 4572K, committed 4736K, reserved 1048576K
}
Event: 5.580 GC heap before
{Heap before GC invocations=12 (full 0):
 garbage-first heap   total 58368K, used 43941K [0x0000000081e00000, 0x0000000100000000)
  region size 1024K, 16 young (16384K), 3 survivors (3072K)
 Metaspace       used 35370K, committed 35712K, reserved 1081344K
  class space    used 4582K, committed 4736K, reserved 1048576K
}
Event: 5.582 GC heap after
{Heap after GC invocations=13 (full 0):
 garbage-first heap   total 58368K, used 32718K [0x0000000081e00000, 0x0000000100000000)
  region size 1024K, 2 young (2048K), 2 survivors (2048K)
 Metaspace       used 35370K, committed 35712K, reserved 1081344K
  class space    used 4582K, committed 4736K, reserved 1048576K
}
Event: 5.606 GC heap before
{Heap before GC invocations=13 (full 0):
 garbage-first heap   total 71680K, used 45006K [0x0000000081e00000, 0x0000000100000000)
  region size 1024K, 14 young (14336K), 2 survivors (2048K)
 Metaspace       used 35379K, committed 35712K, reserved 1081344K
  class space    used 4587K, committed 4736K, reserved 1048576K
}
Event: 5.608 GC heap after
{Heap after GC invocations=14 (full 0):
 garbage-first heap   total 126976K, used 35100K [0x0000000081e00000, 0x0000000100000000)
  region size 1024K, 2 young (2048K), 2 survivors (2048K)
 Metaspace       used 35379K, committed 35712K, reserved 1081344K
  class space    used 4587K, committed 4736K, reserved 1048576K
}
Event: 5.745 GC heap before
{Heap before GC invocations=15 (full 0):
 garbage-first heap   total 126976K, used 86300K [0x0000000081e00000, 0x0000000100000000)
  region size 1024K, 53 young (54272K), 2 survivors (2048K)
 Metaspace       used 35601K, committed 35904K, reserved 1081344K
  class space    used 4604K, committed 4736K, reserved 1048576K
}
Event: 5.753 GC heap after
{Heap after GC invocations=16 (full 0):
 garbage-first heap   total 126976K, used 48119K [0x0000000081e00000, 0x0000000100000000)
  region size 1024K, 7 young (7168K), 7 survivors (7168K)
 Metaspace       used 35601K, committed 35904K, reserved 1081344K
  class space    used 4604K, committed 4736K, reserved 1048576K
}
Event: 5.813 GC heap before
{Heap before GC invocations=16 (full 0):
 garbage-first heap   total 126976K, used 86007K [0x0000000081e00000, 0x0000000100000000)
  region size 1024K, 43 young (44032K), 7 survivors (7168K)
 Metaspace       used 35737K, committed 36160K, reserved 1081344K
  class space    used 4618K, committed 4800K, reserved 1048576K
}
Event: 5.835 GC heap after
{Heap after GC invocations=17 (full 0):
 garbage-first heap   total 126976K, used 64150K [0x0000000081e00000, 0x0000000100000000)
  region size 1024K, 6 young (6144K), 6 survivors (6144K)
 Metaspace       used 35737K, committed 36160K, reserved 1081344K
  class space    used 4618K, committed 4800K, reserved 1048576K
}
Event: 5.849 GC heap before
{Heap before GC invocations=17 (full 0):
 garbage-first heap   total 126976K, used 90774K [0x0000000081e00000, 0x0000000100000000)
  region size 1024K, 33 young (33792K), 6 survivors (6144K)
 Metaspace       used 35801K, committed 36160K, reserved 1081344K
  class space    used 4618K, committed 4800K, reserved 1048576K
}
Event: 5.852 GC heap after
{Heap after GC invocations=18 (full 0):
 garbage-first heap   total 126976K, used 67799K [0x0000000081e00000, 0x0000000100000000)
  region size 1024K, 3 young (3072K), 3 survivors (3072K)
 Metaspace       used 35801K, committed 36160K, reserved 1081344K
  class space    used 4618K, committed 4800K, reserved 1048576K
}
Event: 5.861 GC heap before
{Heap before GC invocations=18 (full 0):
 garbage-first heap   total 126976K, used 94423K [0x0000000081e00000, 0x0000000100000000)
  region size 1024K, 30 young (30720K), 3 survivors (3072K)
 Metaspace       used 35810K, committed 36160K, reserved 1081344K
  class space    used 4619K, committed 4800K, reserved 1048576K
}
Event: 5.863 GC heap after
{Heap after GC invocations=19 (full 0):
 garbage-first heap   total 280576K, used 68351K [0x0000000081e00000, 0x0000000100000000)
  region size 1024K, 3 young (3072K), 3 survivors (3072K)
 Metaspace       used 35810K, committed 36160K, reserved 1081344K
  class space    used 4619K, committed 4800K, reserved 1048576K
}
Event: 5.901 GC heap before
{Heap before GC invocations=19 (full 0):
 garbage-first heap   total 280576K, used 171775K [0x0000000081e00000, 0x0000000100000000)
  region size 1024K, 105 young (107520K), 3 survivors (3072K)
 Metaspace       used 35856K, committed 36224K, reserved 1081344K
  class space    used 4625K, committed 4800K, reserved 1048576K
}
Event: 5.904 GC heap after
{Heap after GC invocations=20 (full 0):
 garbage-first heap   total 280576K, used 72353K [0x0000000081e00000, 0x0000000100000000)
  region size 1024K, 7 young (7168K), 7 survivors (7168K)
 Metaspace       used 35856K, committed 36224K, reserved 1081344K
  class space    used 4625K, committed 4800K, reserved 1048576K
}
Event: 5.957 GC heap before
{Heap before GC invocations=20 (full 0):
 garbage-first heap   total 280576K, used 205473K [0x0000000081e00000, 0x0000000100000000)
  region size 1024K, 139 young (142336K), 7 survivors (7168K)
 Metaspace       used 36045K, committed 36416K, reserved 1081344K
  class space    used 4636K, committed 4800K, reserved 1048576K
}
Event: 5.963 GC heap after
{Heap after GC invocations=21 (full 0):
 garbage-first heap   total 280576K, used 76373K [0x0000000081e00000, 0x0000000100000000)
  region size 1024K, 12 young (12288K), 12 survivors (12288K)
 Metaspace       used 36045K, committed 36416K, reserved 1081344K
  class space    used 4636K, committed 4800K, reserved 1048576K
}
Event: 5.988 GC heap before
{Heap before GC invocations=22 (full 0):
 garbage-first heap   total 280576K, used 213589K [0x0000000081e00000, 0x0000000100000000)
  region size 1024K, 147 young (150528K), 12 survivors (12288K)
 Metaspace       used 36051K, committed 36416K, reserved 1081344K
  class space    used 4637K, committed 4800K, reserved 1048576K
}
Event: 5.994 GC heap after
{Heap after GC invocations=23 (full 0):
 garbage-first heap   total 280576K, used 82404K [0x0000000081e00000, 0x0000000100000000)
  region size 1024K, 16 young (16384K), 16 survivors (16384K)
 Metaspace       used 36051K, committed 36416K, reserved 1081344K
  class space    used 4637K, committed 4800K, reserved 1048576K
}
Event: 5.995 GC heap before
{Heap before GC invocations=23 (full 0):
 garbage-first heap   total 280576K, used 85476K [0x0000000081e00000, 0x0000000100000000)
  region size 1024K, 20 young (20480K), 16 survivors (16384K)
 Metaspace       used 36051K, committed 36416K, reserved 1081344K
  class space    used 4637K, committed 4800K, reserved 1048576K
}

