# JRE version: OpenJDK Runtime Environment Temurin-17.0.4.1+1 (17.0.4.1+1) (build 17.0.4.1+1)
# Java VM: OpenJDK 64-Bit Server VM Temurin-17.0.4.1+1 (17.0.4.1+1, mixed mode, emulated-client, tiered, compressed oops, compressed class ptrs, g1 gc, windows-amd64)
GC Precious Log:
 CPUs: 8 total, 8 available
 Memory: 8066M
 Large Page Support: Disabled
 NUMA Support: Disabled
 Compressed Oops: Enabled (32-bit)
 Heap Region Size: 1M
 Heap Min Capacity: 8M
 Heap Initial Capacity: 128M
 Heap Max Capacity: 2018M
 Pre-touch: Disabled
 Parallel Workers: 8
 Concurrent Workers: 2
 Concurrent Refinement Workers: 8
 Periodic GC: Disabled
Heap:
 garbage-first heap   total 442368K, used 161280K [0x0000000081e00000, 0x0000000100000000)
  region size 1024K, 17 young (17408K), 17 survivors (17408K)
 Metaspace       used 45530K, committed 45888K, reserved 1097728K
  class space    used 5620K, committed 5760K, reserved 1048576K
GC Heap History (20 events):
Event: 7.272 GC heap after
{Heap after GC invocations=18 (full 0):
 garbage-first heap   total 147456K, used 66266K [0x0000000081e00000, 0x0000000100000000)
  region size 1024K, 1 young (1024K), 1 survivors (1024K)
 Metaspace       used 36300K, committed 36672K, reserved 1081344K
  class space    used 4660K, committed 4800K, reserved 1048576K
}
Event: 7.284 GC heap before
{Heap before GC invocations=18 (full 0):
 garbage-first heap   total 147456K, used 102106K [0x0000000081e00000, 0x0000000100000000)
  region size 1024K, 37 young (37888K), 1 survivors (1024K)
 Metaspace       used 36302K, committed 36672K, reserved 1081344K
  class space    used 4660K, committed 4800K, reserved 1048576K
}
Event: 7.285 GC heap after
{Heap after GC invocations=19 (full 0):
 garbage-first heap   total 147456K, used 67216K [0x0000000081e00000, 0x0000000100000000)
  region size 1024K, 2 young (2048K), 2 survivors (2048K)
 Metaspace       used 36302K, committed 36672K, reserved 1081344K
  class space    used 4660K, committed 4800K, reserved 1048576K
}
Event: 7.292 GC heap before
{Heap before GC invocations=19 (full 0):
 garbage-first heap   total 147456K, used 106128K [0x0000000081e00000, 0x0000000100000000)
  region size 1024K, 41 young (41984K), 2 survivors (2048K)
 Metaspace       used 36320K, committed 36672K, reserved 1081344K
  class space    used 4664K, committed 4800K, reserved 1048576K
}
Event: 7.293 GC heap after
{Heap after GC invocations=20 (full 0):
 garbage-first heap   total 147456K, used 68832K [0x0000000081e00000, 0x0000000100000000)
  region size 1024K, 4 young (4096K), 4 survivors (4096K)
 Metaspace       used 36320K, committed 36672K, reserved 1081344K
  class space    used 4664K, committed 4800K, reserved 1048576K
}
Event: 7.303 GC heap before
{Heap before GC invocations=20 (full 0):
 garbage-first heap   total 147456K, used 108768K [0x0000000081e00000, 0x0000000100000000)
  region size 1024K, 44 young (45056K), 4 survivors (4096K)
 Metaspace       used 36387K, committed 36736K, reserved 1081344K
  class space    used 4670K, committed 4800K, reserved 1048576K
}
Event: 7.306 GC heap after
{Heap after GC invocations=21 (full 0):
 garbage-first heap   total 442368K, used 70583K [0x0000000081e00000, 0x0000000100000000)
  region size 1024K, 4 young (4096K), 4 survivors (4096K)
 Metaspace       used 36387K, committed 36736K, reserved 1081344K
  class space    used 4670K, committed 4800K, reserved 1048576K
}
Event: 7.435 GC heap before
{Heap before GC invocations=21 (full 0):
 garbage-first heap   total 442368K, used 299959K [0x0000000081e00000, 0x0000000100000000)
  region size 1024K, 229 young (234496K), 4 survivors (4096K)
 Metaspace       used 36663K, committed 36992K, reserved 1081344K
  class space    used 4698K, committed 4864K, reserved 1048576K
}
Event: 7.441 GC heap after
{Heap after GC invocations=22 (full 0):
 garbage-first heap   total 442368K, used 79622K [0x0000000081e00000, 0x0000000100000000)
  region size 1024K, 13 young (13312K), 13 survivors (13312K)
 Metaspace       used 36663K, committed 36992K, reserved 1081344K
  class space    used 4698K, committed 4864K, reserved 1048576K
}
Event: 7.747 GC heap before
{Heap before GC invocations=22 (full 0):
 garbage-first heap   total 442368K, used 330502K [0x0000000081e00000, 0x0000000100000000)
  region size 1024K, 259 young (265216K), 13 survivors (13312K)
 Metaspace       used 37069K, committed 37376K, reserved 1081344K
  class space    used 4728K, committed 4864K, reserved 1048576K
}
Event: 7.786 GC heap after
{Heap after GC invocations=23 (full 0):
 garbage-first heap   total 442368K, used 90358K [0x0000000081e00000, 0x0000000100000000)
  region size 1024K, 23 young (23552K), 23 survivors (23552K)
 Metaspace       used 37069K, committed 37376K, reserved 1081344K
  class space    used 4728K, committed 4864K, reserved 1048576K
}
Event: 8.589 GC heap before
{Heap before GC invocations=23 (full 0):
 garbage-first heap   total 442368K, used 332022K [0x0000000081e00000, 0x0000000100000000)
  region size 1024K, 259 young (265216K), 23 survivors (23552K)
 Metaspace       used 38749K, committed 39104K, reserved 1089536K
  class space    used 4895K, committed 5056K, reserved 1048576K
}
Event: 8.603 GC heap after
{Heap after GC invocations=24 (full 0):
 garbage-first heap   total 442368K, used 108772K [0x0000000081e00000, 0x0000000100000000)
  region size 1024K, 28 young (28672K), 28 survivors (28672K)
 Metaspace       used 38749K, committed 39104K, reserved 1089536K
  class space    used 4895K, committed 5056K, reserved 1048576K
}
Event: 9.042 GC heap before
{Heap before GC invocations=24 (full 0):
 garbage-first heap   total 442368K, used 344292K [0x0000000081e00000, 0x0000000100000000)
  region size 1024K, 259 young (265216K), 28 survivors (28672K)
 Metaspace       used 40740K, committed 41152K, reserved 1089536K
  class space    used 5048K, committed 5248K, reserved 1048576K
}
Event: 9.053 GC heap after
{Heap after GC invocations=25 (full 0):
 garbage-first heap   total 442368K, used 116585K [0x0000000081e00000, 0x0000000100000000)
  region size 1024K, 26 young (26624K), 26 survivors (26624K)
 Metaspace       used 40740K, committed 41152K, reserved 1089536K
  class space    used 5048K, committed 5248K, reserved 1048576K
}
Event: 9.593 GC heap before
{Heap before GC invocations=25 (full 0):
 garbage-first heap   total 442368K, used 354153K [0x0000000081e00000, 0x0000000100000000)
  region size 1024K, 259 young (265216K), 26 survivors (26624K)
 Metaspace       used 42341K, committed 42624K, reserved 1089536K
  class space    used 5239K, committed 5376K, reserved 1048576K
}
Event: 9.608 GC heap after
{Heap after GC invocations=26 (full 0):
 garbage-first heap   total 442368K, used 128512K [0x0000000081e00000, 0x0000000100000000)
  region size 1024K, 21 young (21504K), 21 survivors (21504K)
 Metaspace       used 42341K, committed 42624K, reserved 1089536K
  class space    used 5239K, committed 5376K, reserved 1048576K
}
Event: 9.949 GC heap before
{Heap before GC invocations=26 (full 0):
 garbage-first heap   total 442368K, used 364032K [0x0000000081e00000, 0x0000000100000000)
  region size 1024K, 252 young (258048K), 21 survivors (21504K)
 Metaspace       used 42966K, committed 43328K, reserved 1089536K
  class space    used 5322K, committed 5504K, reserved 1048576K
}
Event: 9.963 GC heap after
{Heap after GC invocations=27 (full 0):
 garbage-first heap   total 442368K, used 145454K [0x0000000081e00000, 0x0000000100000000)
  region size 1024K, 28 young (28672K), 28 survivors (28672K)
 Metaspace       used 42966K, committed 43328K, reserved 1089536K
  class space    used 5322K, committed 5504K, reserved 1048576K
}
Event: 12.529 GC heap before
{Heap before GC invocations=27 (full 0):
 garbage-first heap   total 442368K, used 361518K [0x0000000081e00000, 0x0000000100000000)
  region size 1024K, 240 young (245760K), 28 survivors (28672K)
 Metaspace       used 45530K, committed 45888K, reserved 1097728K
  class space    used 5620K, committed 5760K, reserved 1048576K
}

